<?xml version="1.0" encoding="UTF-8"?>
<testng-results ignored="0" total="1" passed="1" failed="0" skipped="0">
  <reporter-output>
  </reporter-output>
  <suite started-at="2024-05-22T16:05:59 IST" name="Surefire suite" finished-at="2024-05-22T16:06:13 IST" duration-ms="14482">
    <groups>
    </groups>
    <test started-at="2024-05-22T16:05:59 IST" name="Surefire test" finished-at="2024-05-22T16:06:13 IST" duration-ms="14482">
      <class name="food.LaunchingBurger_Test">
        <test-method signature="Burger()[pri:0, instance:food.LaunchingBurger_Test@41ee392b]" started-at="2024-05-22T16:05:59 IST" name="Burger" finished-at="2024-05-22T16:06:13 IST" duration-ms="14433" status="PASS">
          <reporter-output>
          </reporter-output>
        </test-method> <!-- Burger -->
      </class> <!-- food.LaunchingBurger_Test -->
    </test> <!-- Surefire test -->
  </suite> <!-- Surefire suite -->
</testng-results>
